\BOOKMARK [1][-]{section.1}{\376\377\000P\000y\000t\000h\000o\000n\213\355\212\000\127\372\170\100}{}% 1
\BOOKMARK [2][-]{subsection.1.1}{\376\377\000t\000y\000p\000e\000\050\000\051}{section.1}% 2
\BOOKMARK [2][-]{subsection.1.2}{\376\377\000i\000d\000\050\000\051}{section.1}% 3
\BOOKMARK [2][-]{subsection.1.3}{\376\377\000x\000.\000r\000e\000a\000l\000\040\000a\000n\000d\000\040\000x\000.\000i\000m\000a\000g}{section.1}% 4
\BOOKMARK [2][-]{subsection.1.4}{\376\377\000e\000v\000a\000l\000\050\000\051}{section.1}% 5
\BOOKMARK [2][-]{subsection.1.5}{\376\377\000l\000e\000n\000\050\000\051}{section.1}% 6
\BOOKMARK [2][-]{subsection.1.6}{\376\377\000l\000i\000s\000t\000,\000t\000u\000p\000,\000d\000i\000c\000t\000\040\000a\000n\000d\000\040\000s\000e\000t}{section.1}% 7
\BOOKMARK [2][-]{subsection.1.7}{\376\377\136\070\165\050\174\373\176\337\121\375\145\160}{section.1}% 8
\BOOKMARK [3][-]{subsubsection.1.7.1}{\376\377\000m\000a\000t\000h\152\041\127\127\121\375\145\160}{subsection.1.7}% 9
\BOOKMARK [3][-]{subsubsection.1.7.2}{\376\377\000c\000m\000a\000t\000h\152\041\127\127\121\375\145\160}{subsection.1.7}% 10
\BOOKMARK [3][-]{subsubsection.1.7.3}{\376\377\000r\000a\000n\000d\000o\000m\152\041\127\127\121\375\145\160}{subsection.1.7}% 11
\BOOKMARK [3][-]{subsubsection.1.7.4}{\376\377\000t\000i\000m\000e\152\041\127\127\121\375\145\160}{subsection.1.7}% 12
\BOOKMARK [3][-]{subsubsection.1.7.5}{\376\377\000c\000a\000l\000e\000n\000d\000a\000r\152\041\127\127\121\375\145\160}{subsection.1.7}% 13
\BOOKMARK [2][-]{subsection.1.8}{\376\377\000b\000u\000i\000l\000t\000-\000i\000n\000\040\000f\000u\000n\000c\000t\000i\000o\000n}{section.1}% 14
\BOOKMARK [3][-]{subsubsection.1.8.1}{\376\377\000r\000a\000n\000g\000e\000\050\000\051\121\375\145\160}{subsection.1.8}% 15
\BOOKMARK [3][-]{subsubsection.1.8.2}{\376\377\145\160\120\074\217\320\173\227\121\375\145\160}{subsection.1.8}% 16
\BOOKMARK [3][-]{subsubsection.1.8.3}{\376\377\000P\000y\000t\000h\000o\000n\174\373\176\337\166\204\136\056\122\251\117\341\140\157}{subsection.1.8}% 17
\BOOKMARK [2][-]{subsection.1.9}{\376\377\127\372\147\054\217\320\173\227}{section.1}% 18
\BOOKMARK [3][-]{subsubsection.1.9.1}{\376\377\173\227\147\057\217\320\173\227}{subsection.1.9}% 19
\BOOKMARK [3][-]{subsubsection.1.9.2}{\376\377\155\156\160\271\145\160\166\204\213\241\173\227\213\357\135\356}{subsection.1.9}% 20
\BOOKMARK [3][-]{subsubsection.1.9.3}{\376\377\145\160\143\156\174\173\127\213\166\204\217\154\143\142}{subsection.1.9}% 21
\BOOKMARK [2][-]{subsection.1.10}{\376\377\117\115\217\320\173\227}{section.1}% 22
\BOOKMARK [3][-]{subsubsection.1.10.1}{\376\377\143\011\117\115\116\016\217\320\173\227}{subsection.1.10}% 23
\BOOKMARK [3][-]{subsubsection.1.10.2}{\376\377\143\011\117\115\142\026\217\320\173\227}{subsection.1.10}% 24
\BOOKMARK [3][-]{subsubsection.1.10.3}{\376\377\143\011\117\115\137\002\142\026\217\320\173\227}{subsection.1.10}% 25
\BOOKMARK [3][-]{subsubsection.1.10.4}{\376\377\143\011\117\115\123\326\123\315\217\320\173\227}{subsection.1.10}% 26
\BOOKMARK [3][-]{subsubsection.1.10.5}{\376\377\135\346\171\373\217\320\173\227}{subsection.1.10}% 27
\BOOKMARK [3][-]{subsubsection.1.10.6}{\376\377\123\363\171\373\217\320\173\227}{subsection.1.10}% 28
\BOOKMARK [1][-]{section.2}{\376\377\230\172\136\217\176\323\147\204}{}% 29
\BOOKMARK [2][-]{subsection.2.1}{\376\377\000l\000a\000m\000b\000d\000a\000\050\000\051}{section.2}% 30
\BOOKMARK [2][-]{subsection.2.2}{\376\377\000P\000y\000t\000h\000o\000n\213\355\123\345\210\114\116\016\154\350\221\312}{section.2}% 31
\BOOKMARK [2][-]{subsection.2.3}{\376\377\215\113\120\074\213\355\123\345}{section.2}% 32
\BOOKMARK [3][-]{subsubsection.2.3.1}{\376\377\131\015\124\010\215\113\120\074\213\355\123\345}{subsection.2.3}% 33
\BOOKMARK [3][-]{subsubsection.2.3.2}{\376\377\224\376\137\017\215\113\120\074}{subsection.2.3}% 34
\BOOKMARK [3][-]{subsubsection.2.3.3}{\376\377\124\014\153\145\215\113\120\074}{subsection.2.3}% 35
\BOOKMARK [2][-]{subsection.2.4}{\376\377\150\007\121\306\217\223\121\145}{section.2}% 36
\BOOKMARK [2][-]{subsection.2.5}{\376\377\150\007\121\306\217\223\121\372}{section.2}% 37
\BOOKMARK [2][-]{subsection.2.6}{\376\377\150\074\137\017\123\026\217\223\121\372}{section.2}% 38
\BOOKMARK [3][-]{subsubsection.2.6.1}{\376\377\133\127\173\046\116\062\150\074\137\017\123\026\217\320\173\227\173\046\000\045}{subsection.2.6}% 39
\BOOKMARK [3][-]{subsubsection.2.6.2}{\376\377\000f\000o\000r\000m\000a\000t\000\050\000\051\121\205\177\156\121\375\145\160}{subsection.2.6}% 40
\BOOKMARK [3][-]{subsubsection.2.6.3}{\376\377\133\127\173\046\116\062\166\204\000f\000o\000r\000m\000a\000t\000\050\000\051\145\271\154\325}{subsection.2.6}% 41
\BOOKMARK [2][-]{subsection.2.7}{\376\377\230\172\136\217\176\323\147\204\172\013\136\217\116\076\117\213}{section.2}% 42
\BOOKMARK [1][-]{section.3}{\376\377\220\011\142\351\176\323\147\204}{}% 43
\BOOKMARK [2][-]{subsection.3.1}{\376\377\147\141\116\366\166\204\143\317\217\360}{section.3}% 44
\BOOKMARK [3][-]{subsubsection.3.1.1}{\376\377\121\163\174\373\217\320\173\227}{subsection.3.1}% 45
\BOOKMARK [3][-]{subsubsection.3.1.2}{\376\377\220\073\217\221\217\320\173\227}{subsection.3.1}% 46
\BOOKMARK [3][-]{subsubsection.3.1.3}{\376\377\155\113\213\325\217\320\173\227}{subsection.3.1}% 47
\BOOKMARK [2][-]{subsection.3.2}{\376\377\220\011\142\351\176\323\147\204\166\204\133\236\163\260}{section.3}% 48
\BOOKMARK [3][-]{subsubsection.3.2.1}{\376\377\123\125\122\006\145\057\220\011\142\351\176\323\147\204}{subsection.3.2}% 49
\BOOKMARK [3][-]{subsubsection.3.2.2}{\376\377\123\314\122\006\145\057\220\011\142\351\176\323\147\204}{subsection.3.2}% 50
\BOOKMARK [3][-]{subsubsection.3.2.3}{\376\377\131\032\122\006\145\057\220\011\142\351\176\323\147\204}{subsection.3.2}% 51
\BOOKMARK [3][-]{subsubsection.3.2.4}{\376\377\220\011\142\351\176\323\147\204\166\204\135\114\131\127}{subsection.3.2}% 52
\BOOKMARK [2][-]{subsection.3.3}{\376\377\147\141\116\366\217\320\173\227}{section.3}% 53
\BOOKMARK [1][-]{section.4}{\376\377\137\252\163\257\176\323\147\204}{}% 54
\BOOKMARK [2][-]{subsection.4.1}{\376\377\000w\000h\000i\000l\000e\137\252\163\257\176\323\147\204}{section.4}% 55
\BOOKMARK [3][-]{subsubsection.4.1.1}{\376\377\000W\000h\000i\000l\000e\213\355\123\345\166\204\116\000\202\054\150\074\137\017}{subsection.4.1}% 56
\BOOKMARK [3][-]{subsubsection.4.1.2}{\376\377\127\050\000w\000h\000i\000l\000e\213\355\123\345\116\055\117\177\165\050\000e\000l\000s\000e\133\120\123\345}{subsection.4.1}% 57
\BOOKMARK [3][-]{subsubsection.4.1.3}{\376\377\000w\000h\000i\000l\000e\137\252\163\257\166\204\136\224\165\050}{subsection.4.1}% 58
\BOOKMARK [2][-]{subsection.4.2}{\376\377\000f\000o\000r\137\252\163\257\176\323\147\204}{section.4}% 59
\BOOKMARK [3][-]{subsubsection.4.2.1}{\376\377\000f\000o\000r\213\355\123\345\166\204\116\000\202\054\150\074\137\017}{subsection.4.2}% 60
\BOOKMARK [3][-]{subsubsection.4.2.2}{\376\377\000r\000a\000n\000g\000e\133\371\214\141\127\050\000f\000o\000r\137\252\163\257\116\055\166\204\136\224\165\050}{subsection.4.2}% 61
\BOOKMARK [2][-]{subsection.4.3}{\376\377\137\252\163\257\143\247\122\066\213\355\123\345}{section.4}% 62
\BOOKMARK [3][-]{subsubsection.4.3.1}{\376\377\000b\000r\000e\000a\000k\213\355\123\345}{subsection.4.3}% 63
\BOOKMARK [3][-]{subsubsection.4.3.2}{\376\377\000c\000o\000n\000t\000i\000n\000u\000e\213\355\123\345}{subsection.4.3}% 64
\BOOKMARK [3][-]{subsubsection.4.3.3}{\376\377\000p\000a\000s\000s\213\355\123\345}{subsection.4.3}% 65
